<?xml version="1.0" encoding="UTF-8"?>
<testng-results skipped="0" failed="5" ignored="0" total="14" passed="9">
  <reporter-output>
  </reporter-output>
  <suite name="Suite Sample 1" duration-ms="25785" started-at="2017-08-09T14:39:55Z" finished-at="2017-08-09T14:40:21Z">
    <groups>
    </groups>
    <test name="exampletest1" duration-ms="25785" started-at="2017-08-09T14:39:55Z" finished-at="2017-08-09T14:40:21Z">
      <class name="com.mh.test.GUITest">
        <test-method status="PASS" signature="setUpSuite(java.lang.String, java.lang.String, java.lang.String)[pri:0, instance:com.mh.test.GUITest@29ca901e]" name="setUpSuite" is-config="true" duration-ms="7" started-at="2017-08-09T21:39:55Z" finished-at="2017-08-09T21:39:55Z">
          <params>
            <param index="0">
              <value>
                <![CDATA[application.yaml]]>
              </value>
            </param>
            <param index="1">
              <value>
                <![CDATA[chrome]]>
              </value>
            </param>
            <param index="2">
              <value is-null="true"/>
            </param>
          </params>
          <reporter-output>
          </reporter-output>
        </test-method> <!-- setUpSuite -->
        <test-method status="PASS" signature="setUpTest(java.lang.String, java.lang.String, java.lang.String)[pri:0, instance:com.mh.test.GUITest@29ca901e]" name="setUpTest" is-config="true" duration-ms="4097" started-at="2017-08-09T21:39:55Z" finished-at="2017-08-09T21:39:59Z">
          <params>
            <param index="0">
              <value>
                <![CDATA[application.yaml]]>
              </value>
            </param>
            <param index="1">
              <value>
                <![CDATA[chrome]]>
              </value>
            </param>
            <param index="2">
              <value is-null="true"/>
            </param>
          </params>
          <reporter-output>
          </reporter-output>
        </test-method> <!-- setUpTest -->
        <test-method status="PASS" signature="setUpTest(java.lang.String, java.lang.String, java.lang.String)[pri:0, instance:com.mh.test.GUITest@29ca901e]" name="setUpTest" is-config="true" duration-ms="4060" started-at="2017-08-09T21:39:55Z" finished-at="2017-08-09T21:39:59Z">
          <params>
            <param index="0">
              <value>
                <![CDATA[application.yaml]]>
              </value>
            </param>
            <param index="1">
              <value>
                <![CDATA[chrome]]>
              </value>
            </param>
            <param index="2">
              <value is-null="true"/>
            </param>
          </params>
          <reporter-output>
          </reporter-output>
        </test-method> <!-- setUpTest -->
        <test-method status="PASS" signature="setUpTest(java.lang.String, java.lang.String, java.lang.String)[pri:0, instance:com.mh.test.GUITest@29ca901e]" name="setUpTest" is-config="true" duration-ms="5630" started-at="2017-08-09T21:39:55Z" finished-at="2017-08-09T21:40:01Z">
          <params>
            <param index="0">
              <value>
                <![CDATA[application.yaml]]>
              </value>
            </param>
            <param index="1">
              <value>
                <![CDATA[chrome]]>
              </value>
            </param>
            <param index="2">
              <value is-null="true"/>
            </param>
          </params>
          <reporter-output>
          </reporter-output>
        </test-method> <!-- setUpTest -->
        <test-method status="PASS" signature="setUpTest(java.lang.String, java.lang.String, java.lang.String)[pri:0, instance:com.mh.test.GUITest@29ca901e]" name="setUpTest" is-config="true" duration-ms="3949" started-at="2017-08-09T21:39:55Z" finished-at="2017-08-09T21:39:59Z">
          <params>
            <param index="0">
              <value>
                <![CDATA[application.yaml]]>
              </value>
            </param>
            <param index="1">
              <value>
                <![CDATA[chrome]]>
              </value>
            </param>
            <param index="2">
              <value is-null="true"/>
            </param>
          </params>
          <reporter-output>
          </reporter-output>
        </test-method> <!-- setUpTest -->
        <test-method status="PASS" signature="setUpTest(java.lang.String, java.lang.String, java.lang.String)[pri:0, instance:com.mh.test.GUITest@29ca901e]" name="setUpTest" is-config="true" duration-ms="4822" started-at="2017-08-09T21:39:55Z" finished-at="2017-08-09T21:40:00Z">
          <params>
            <param index="0">
              <value>
                <![CDATA[application.yaml]]>
              </value>
            </param>
            <param index="1">
              <value>
                <![CDATA[chrome]]>
              </value>
            </param>
            <param index="2">
              <value is-null="true"/>
            </param>
          </params>
          <reporter-output>
          </reporter-output>
        </test-method> <!-- setUpTest -->
        <test-method status="PASS" signature="setUpTest(java.lang.String, java.lang.String, java.lang.String)[pri:0, instance:com.mh.test.GUITest@29ca901e]" name="setUpTest" is-config="true" duration-ms="5134" started-at="2017-08-09T21:39:55Z" finished-at="2017-08-09T21:40:00Z">
          <params>
            <param index="0">
              <value>
                <![CDATA[application.yaml]]>
              </value>
            </param>
            <param index="1">
              <value>
                <![CDATA[chrome]]>
              </value>
            </param>
            <param index="2">
              <value is-null="true"/>
            </param>
          </params>
          <reporter-output>
          </reporter-output>
        </test-method> <!-- setUpTest -->
        <test-method status="PASS" signature="setUpTest(java.lang.String, java.lang.String, java.lang.String)[pri:0, instance:com.mh.test.GUITest@29ca901e]" name="setUpTest" is-config="true" duration-ms="4318" started-at="2017-08-09T21:39:55Z" finished-at="2017-08-09T21:39:59Z">
          <params>
            <param index="0">
              <value>
                <![CDATA[application.yaml]]>
              </value>
            </param>
            <param index="1">
              <value>
                <![CDATA[chrome]]>
              </value>
            </param>
            <param index="2">
              <value is-null="true"/>
            </param>
          </params>
          <reporter-output>
          </reporter-output>
        </test-method> <!-- setUpTest -->
        <test-method status="PASS" signature="setUpTest(java.lang.String, java.lang.String, java.lang.String)[pri:0, instance:com.mh.test.GUITest@29ca901e]" name="setUpTest" is-config="true" duration-ms="4051" started-at="2017-08-09T21:39:55Z" finished-at="2017-08-09T21:39:59Z">
          <params>
            <param index="0">
              <value>
                <![CDATA[application.yaml]]>
              </value>
            </param>
            <param index="1">
              <value>
                <![CDATA[chrome]]>
              </value>
            </param>
            <param index="2">
              <value is-null="true"/>
            </param>
          </params>
          <reporter-output>
          </reporter-output>
        </test-method> <!-- setUpTest -->
        <test-method status="PASS" signature="setUpTest(java.lang.String, java.lang.String, java.lang.String)[pri:0, instance:com.mh.test.GUITest@29ca901e]" name="setUpTest" is-config="true" duration-ms="4050" started-at="2017-08-09T21:39:55Z" finished-at="2017-08-09T21:39:59Z">
          <params>
            <param index="0">
              <value>
                <![CDATA[application.yaml]]>
              </value>
            </param>
            <param index="1">
              <value>
                <![CDATA[chrome]]>
              </value>
            </param>
            <param index="2">
              <value is-null="true"/>
            </param>
          </params>
          <reporter-output>
          </reporter-output>
        </test-method> <!-- setUpTest -->
        <test-method status="PASS" signature="setUpTest(java.lang.String, java.lang.String, java.lang.String)[pri:0, instance:com.mh.test.GUITest@29ca901e]" name="setUpTest" is-config="true" duration-ms="4907" started-at="2017-08-09T21:39:55Z" finished-at="2017-08-09T21:40:00Z">
          <params>
            <param index="0">
              <value>
                <![CDATA[application.yaml]]>
              </value>
            </param>
            <param index="1">
              <value>
                <![CDATA[chrome]]>
              </value>
            </param>
            <param index="2">
              <value is-null="true"/>
            </param>
          </params>
          <reporter-output>
          </reporter-output>
        </test-method> <!-- setUpTest -->
        <test-method status="PASS" signature="setUpTest(java.lang.String, java.lang.String, java.lang.String)[pri:0, instance:com.mh.test.GUITest@29ca901e]" name="setUpTest" is-config="true" duration-ms="5256" started-at="2017-08-09T21:39:55Z" finished-at="2017-08-09T21:40:00Z">
          <params>
            <param index="0">
              <value>
                <![CDATA[application.yaml]]>
              </value>
            </param>
            <param index="1">
              <value>
                <![CDATA[chrome]]>
              </value>
            </param>
            <param index="2">
              <value is-null="true"/>
            </param>
          </params>
          <reporter-output>
          </reporter-output>
        </test-method> <!-- setUpTest -->
        <test-method status="PASS" signature="setUpTest(java.lang.String, java.lang.String, java.lang.String)[pri:0, instance:com.mh.test.GUITest@29ca901e]" name="setUpTest" is-config="true" duration-ms="4956" started-at="2017-08-09T21:39:55Z" finished-at="2017-08-09T21:40:00Z">
          <params>
            <param index="0">
              <value>
                <![CDATA[application.yaml]]>
              </value>
            </param>
            <param index="1">
              <value>
                <![CDATA[chrome]]>
              </value>
            </param>
            <param index="2">
              <value is-null="true"/>
            </param>
          </params>
          <reporter-output>
          </reporter-output>
        </test-method> <!-- setUpTest -->
        <test-method status="PASS" signature="setUpTest(java.lang.String, java.lang.String, java.lang.String)[pri:0, instance:com.mh.test.GUITest@29ca901e]" name="setUpTest" is-config="true" duration-ms="3930" started-at="2017-08-09T21:39:55Z" finished-at="2017-08-09T21:39:59Z">
          <params>
            <param index="0">
              <value>
                <![CDATA[application.yaml]]>
              </value>
            </param>
            <param index="1">
              <value>
                <![CDATA[chrome]]>
              </value>
            </param>
            <param index="2">
              <value is-null="true"/>
            </param>
          </params>
          <reporter-output>
          </reporter-output>
        </test-method> <!-- setUpTest -->
        <test-method status="PASS" signature="setUpTest(java.lang.String, java.lang.String, java.lang.String)[pri:0, instance:com.mh.test.GUITest@29ca901e]" name="setUpTest" is-config="true" duration-ms="4824" started-at="2017-08-09T21:39:55Z" finished-at="2017-08-09T21:40:00Z">
          <params>
            <param index="0">
              <value>
                <![CDATA[application.yaml]]>
              </value>
            </param>
            <param index="1">
              <value>
                <![CDATA[chrome]]>
              </value>
            </param>
            <param index="2">
              <value is-null="true"/>
            </param>
          </params>
          <reporter-output>
          </reporter-output>
        </test-method> <!-- setUpTest -->
        <test-method status="FAIL" signature="TestLoginE()[pri:0, instance:com.mh.test.GUITest@29ca901e]" name="TestLoginE" duration-ms="14581" started-at="2017-08-09T21:39:59Z" finished-at="2017-08-09T21:40:14Z">
          <exception class="java.lang.AssertionError">
            <message>
              <![CDATA[expected [true] but found [false]]]>
            </message>
            <full-stacktrace>
              <![CDATA[java.lang.AssertionError: expected [true] but found [false]
	at org.testng.Assert.fail(Assert.java:93)
	at org.testng.Assert.failNotEquals(Assert.java:512)
	at org.testng.Assert.assertTrue(Assert.java:41)
	at org.testng.Assert.assertTrue(Assert.java:51)
	at com.mh.test.GUITest.TestLoginE(GUITest.java:52)
	at sun.reflect.NativeMethodAccessorImpl.invoke0(Native Method)
	at sun.reflect.NativeMethodAccessorImpl.invoke(NativeMethodAccessorImpl.java:62)
	at sun.reflect.DelegatingMethodAccessorImpl.invoke(DelegatingMethodAccessorImpl.java:43)
	at java.lang.reflect.Method.invoke(Method.java:498)
	at org.testng.internal.MethodInvocationHelper.invokeMethod(MethodInvocationHelper.java:108)
	at org.testng.internal.Invoker.invokeMethod(Invoker.java:661)
	at org.testng.internal.Invoker.invokeTestMethod(Invoker.java:869)
	at org.testng.internal.Invoker.invokeTestMethods(Invoker.java:1193)
	at org.testng.internal.TestMethodWorker.invokeTestMethods(TestMethodWorker.java:126)
	at org.testng.internal.TestMethodWorker.run(TestMethodWorker.java:109)
	at org.testng.internal.thread.ThreadUtil$1.call(ThreadUtil.java:52)
	at java.util.concurrent.FutureTask.run(FutureTask.java:266)
	at java.util.concurrent.ThreadPoolExecutor.runWorker(ThreadPoolExecutor.java:1142)
	at java.util.concurrent.ThreadPoolExecutor$Worker.run(ThreadPoolExecutor.java:617)
	at java.lang.Thread.run(Thread.java:745)
]]>
            </full-stacktrace>
          </exception> <!-- java.lang.AssertionError -->
          <reporter-output>
          </reporter-output>
        </test-method> <!-- TestLoginE -->
        <test-method status="PASS" signature="testLoginA()[pri:0, instance:com.mh.test.GUITest@29ca901e]" name="testLoginA" duration-ms="20554" started-at="2017-08-09T21:39:59Z" finished-at="2017-08-09T21:40:20Z">
          <reporter-output>
          </reporter-output>
        </test-method> <!-- testLoginA -->
        <test-method status="PASS" signature="testLoginA()[pri:0, instance:com.mh.test.GUITest@29ca901e]" name="testLoginA" duration-ms="20930" started-at="2017-08-09T21:39:59Z" finished-at="2017-08-09T21:40:20Z">
          <reporter-output>
          </reporter-output>
        </test-method> <!-- testLoginA -->
        <test-method status="FAIL" signature="TestLoginE()[pri:0, instance:com.mh.test.GUITest@29ca901e]" name="TestLoginE" duration-ms="13379" started-at="2017-08-09T21:39:59Z" finished-at="2017-08-09T21:40:12Z">
          <exception class="java.lang.AssertionError">
            <message>
              <![CDATA[expected [true] but found [false]]]>
            </message>
            <full-stacktrace>
              <![CDATA[java.lang.AssertionError: expected [true] but found [false]
	at org.testng.Assert.fail(Assert.java:93)
	at org.testng.Assert.failNotEquals(Assert.java:512)
	at org.testng.Assert.assertTrue(Assert.java:41)
	at org.testng.Assert.assertTrue(Assert.java:51)
	at com.mh.test.GUITest.TestLoginE(GUITest.java:52)
	at sun.reflect.NativeMethodAccessorImpl.invoke0(Native Method)
	at sun.reflect.NativeMethodAccessorImpl.invoke(NativeMethodAccessorImpl.java:62)
	at sun.reflect.DelegatingMethodAccessorImpl.invoke(DelegatingMethodAccessorImpl.java:43)
	at java.lang.reflect.Method.invoke(Method.java:498)
	at org.testng.internal.MethodInvocationHelper.invokeMethod(MethodInvocationHelper.java:108)
	at org.testng.internal.Invoker.invokeMethod(Invoker.java:661)
	at org.testng.internal.Invoker.invokeTestMethod(Invoker.java:869)
	at org.testng.internal.Invoker.invokeTestMethods(Invoker.java:1193)
	at org.testng.internal.TestMethodWorker.invokeTestMethods(TestMethodWorker.java:126)
	at org.testng.internal.TestMethodWorker.run(TestMethodWorker.java:109)
	at org.testng.internal.thread.ThreadUtil$1.call(ThreadUtil.java:52)
	at java.util.concurrent.FutureTask.run(FutureTask.java:266)
	at java.util.concurrent.ThreadPoolExecutor.runWorker(ThreadPoolExecutor.java:1142)
	at java.util.concurrent.ThreadPoolExecutor$Worker.run(ThreadPoolExecutor.java:617)
	at java.lang.Thread.run(Thread.java:745)
]]>
            </full-stacktrace>
          </exception> <!-- java.lang.AssertionError -->
          <reporter-output>
          </reporter-output>
        </test-method> <!-- TestLoginE -->
        <test-method status="PASS" signature="TestLoginB()[pri:0, instance:com.mh.test.GUITest@29ca901e]" name="TestLoginB" duration-ms="19195" started-at="2017-08-09T21:39:59Z" finished-at="2017-08-09T21:40:18Z">
          <reporter-output>
          </reporter-output>
        </test-method> <!-- TestLoginB -->
        <test-method status="FAIL" signature="TestLoginE()[pri:0, instance:com.mh.test.GUITest@29ca901e]" name="TestLoginE" duration-ms="19029" started-at="2017-08-09T21:39:59Z" finished-at="2017-08-09T21:40:18Z">
          <exception class="java.lang.AssertionError">
            <message>
              <![CDATA[expected [true] but found [false]]]>
            </message>
            <full-stacktrace>
              <![CDATA[java.lang.AssertionError: expected [true] but found [false]
	at org.testng.Assert.fail(Assert.java:93)
	at org.testng.Assert.failNotEquals(Assert.java:512)
	at org.testng.Assert.assertTrue(Assert.java:41)
	at org.testng.Assert.assertTrue(Assert.java:51)
	at com.mh.test.GUITest.TestLoginE(GUITest.java:52)
	at sun.reflect.NativeMethodAccessorImpl.invoke0(Native Method)
	at sun.reflect.NativeMethodAccessorImpl.invoke(NativeMethodAccessorImpl.java:62)
	at sun.reflect.DelegatingMethodAccessorImpl.invoke(DelegatingMethodAccessorImpl.java:43)
	at java.lang.reflect.Method.invoke(Method.java:498)
	at org.testng.internal.MethodInvocationHelper.invokeMethod(MethodInvocationHelper.java:108)
	at org.testng.internal.Invoker.invokeMethod(Invoker.java:661)
	at org.testng.internal.Invoker.invokeTestMethod(Invoker.java:869)
	at org.testng.internal.Invoker.invokeTestMethods(Invoker.java:1193)
	at org.testng.internal.TestMethodWorker.invokeTestMethods(TestMethodWorker.java:126)
	at org.testng.internal.TestMethodWorker.run(TestMethodWorker.java:109)
	at org.testng.internal.thread.ThreadUtil$1.call(ThreadUtil.java:52)
	at java.util.concurrent.FutureTask.run(FutureTask.java:266)
	at java.util.concurrent.ThreadPoolExecutor.runWorker(ThreadPoolExecutor.java:1142)
	at java.util.concurrent.ThreadPoolExecutor$Worker.run(ThreadPoolExecutor.java:617)
	at java.lang.Thread.run(Thread.java:745)
]]>
            </full-stacktrace>
          </exception> <!-- java.lang.AssertionError -->
          <reporter-output>
          </reporter-output>
        </test-method> <!-- TestLoginE -->
        <test-method status="PASS" signature="TestLoginG()[pri:0, instance:com.mh.test.GUITest@29ca901e]" name="TestLoginG" duration-ms="13839" started-at="2017-08-09T21:39:59Z" finished-at="2017-08-09T21:40:13Z">
          <reporter-output>
          </reporter-output>
        </test-method> <!-- TestLoginG -->
        <test-method status="PASS" signature="testLoginA()[pri:0, instance:com.mh.test.GUITest@29ca901e]" name="testLoginA" duration-ms="17859" started-at="2017-08-09T21:40:00Z" finished-at="2017-08-09T21:40:18Z">
          <reporter-output>
          </reporter-output>
        </test-method> <!-- testLoginA -->
        <test-method status="PASS" signature="TestLoginC()[pri:0, instance:com.mh.test.GUITest@29ca901e]" name="TestLoginC" duration-ms="12156" started-at="2017-08-09T21:40:00Z" finished-at="2017-08-09T21:40:12Z">
          <reporter-output>
          </reporter-output>
        </test-method> <!-- TestLoginC -->
        <test-method status="PASS" signature="TestLoginG()[pri:0, instance:com.mh.test.GUITest@29ca901e]" name="TestLoginG" duration-ms="18701" started-at="2017-08-09T21:40:00Z" finished-at="2017-08-09T21:40:19Z">
          <reporter-output>
          </reporter-output>
        </test-method> <!-- TestLoginG -->
        <test-method status="PASS" signature="TestLoginF()[pri:0, instance:com.mh.test.GUITest@29ca901e]" name="TestLoginF" duration-ms="12233" started-at="2017-08-09T21:40:00Z" finished-at="2017-08-09T21:40:12Z">
          <reporter-output>
          </reporter-output>
        </test-method> <!-- TestLoginF -->
        <test-method status="FAIL" signature="TestLoginE()[pri:0, instance:com.mh.test.GUITest@29ca901e]" name="TestLoginE" duration-ms="17376" started-at="2017-08-09T21:40:00Z" finished-at="2017-08-09T21:40:18Z">
          <exception class="java.lang.AssertionError">
            <message>
              <![CDATA[expected [true] but found [false]]]>
            </message>
            <full-stacktrace>
              <![CDATA[java.lang.AssertionError: expected [true] but found [false]
	at org.testng.Assert.fail(Assert.java:93)
	at org.testng.Assert.failNotEquals(Assert.java:512)
	at org.testng.Assert.assertTrue(Assert.java:41)
	at org.testng.Assert.assertTrue(Assert.java:51)
	at com.mh.test.GUITest.TestLoginE(GUITest.java:52)
	at sun.reflect.NativeMethodAccessorImpl.invoke0(Native Method)
	at sun.reflect.NativeMethodAccessorImpl.invoke(NativeMethodAccessorImpl.java:62)
	at sun.reflect.DelegatingMethodAccessorImpl.invoke(DelegatingMethodAccessorImpl.java:43)
	at java.lang.reflect.Method.invoke(Method.java:498)
	at org.testng.internal.MethodInvocationHelper.invokeMethod(MethodInvocationHelper.java:108)
	at org.testng.internal.Invoker.invokeMethod(Invoker.java:661)
	at org.testng.internal.Invoker.invokeTestMethod(Invoker.java:869)
	at org.testng.internal.Invoker.invokeTestMethods(Invoker.java:1193)
	at org.testng.internal.TestMethodWorker.invokeTestMethods(TestMethodWorker.java:126)
	at org.testng.internal.TestMethodWorker.run(TestMethodWorker.java:109)
	at org.testng.internal.thread.ThreadUtil$1.call(ThreadUtil.java:52)
	at java.util.concurrent.FutureTask.run(FutureTask.java:266)
	at java.util.concurrent.ThreadPoolExecutor.runWorker(ThreadPoolExecutor.java:1142)
	at java.util.concurrent.ThreadPoolExecutor$Worker.run(ThreadPoolExecutor.java:617)
	at java.lang.Thread.run(Thread.java:745)
]]>
            </full-stacktrace>
          </exception> <!-- java.lang.AssertionError -->
          <reporter-output>
          </reporter-output>
        </test-method> <!-- TestLoginE -->
        <test-method status="PASS" signature="TestLoginD()[pri:0, instance:com.mh.test.GUITest@29ca901e]" name="TestLoginD" duration-ms="18749" started-at="2017-08-09T21:40:00Z" finished-at="2017-08-09T21:40:19Z">
          <reporter-output>
          </reporter-output>
        </test-method> <!-- TestLoginD -->
        <test-method status="FAIL" signature="TestLoginE()[pri:0, instance:com.mh.test.GUITest@29ca901e]" name="TestLoginE" duration-ms="16709" started-at="2017-08-09T21:40:01Z" finished-at="2017-08-09T21:40:17Z">
          <exception class="java.lang.AssertionError">
            <message>
              <![CDATA[expected [true] but found [false]]]>
            </message>
            <full-stacktrace>
              <![CDATA[java.lang.AssertionError: expected [true] but found [false]
	at org.testng.Assert.fail(Assert.java:93)
	at org.testng.Assert.failNotEquals(Assert.java:512)
	at org.testng.Assert.assertTrue(Assert.java:41)
	at org.testng.Assert.assertTrue(Assert.java:51)
	at com.mh.test.GUITest.TestLoginE(GUITest.java:52)
	at sun.reflect.NativeMethodAccessorImpl.invoke0(Native Method)
	at sun.reflect.NativeMethodAccessorImpl.invoke(NativeMethodAccessorImpl.java:62)
	at sun.reflect.DelegatingMethodAccessorImpl.invoke(DelegatingMethodAccessorImpl.java:43)
	at java.lang.reflect.Method.invoke(Method.java:498)
	at org.testng.internal.MethodInvocationHelper.invokeMethod(MethodInvocationHelper.java:108)
	at org.testng.internal.Invoker.invokeMethod(Invoker.java:661)
	at org.testng.internal.Invoker.invokeTestMethod(Invoker.java:869)
	at org.testng.internal.Invoker.invokeTestMethods(Invoker.java:1193)
	at org.testng.internal.TestMethodWorker.invokeTestMethods(TestMethodWorker.java:126)
	at org.testng.internal.TestMethodWorker.run(TestMethodWorker.java:109)
	at org.testng.internal.thread.ThreadUtil$1.call(ThreadUtil.java:52)
	at java.util.concurrent.FutureTask.run(FutureTask.java:266)
	at java.util.concurrent.ThreadPoolExecutor.runWorker(ThreadPoolExecutor.java:1142)
	at java.util.concurrent.ThreadPoolExecutor$Worker.run(ThreadPoolExecutor.java:617)
	at java.lang.Thread.run(Thread.java:745)
]]>
            </full-stacktrace>
          </exception> <!-- java.lang.AssertionError -->
          <reporter-output>
          </reporter-output>
        </test-method> <!-- TestLoginE -->
        <test-method status="PASS" signature="cleanUpTest()[pri:0, instance:com.mh.test.GUITest@29ca901e]" name="cleanUpTest" is-config="true" duration-ms="3081" started-at="2017-08-09T21:40:12Z" finished-at="2017-08-09T21:40:15Z">
          <reporter-output>
          </reporter-output>
        </test-method> <!-- cleanUpTest -->
        <test-method status="PASS" signature="cleanUpTest()[pri:0, instance:com.mh.test.GUITest@29ca901e]" name="cleanUpTest" is-config="true" duration-ms="6421" started-at="2017-08-09T21:40:13Z" finished-at="2017-08-09T21:40:19Z">
          <reporter-output>
          </reporter-output>
        </test-method> <!-- cleanUpTest -->
        <test-method status="PASS" signature="cleanUpTest()[pri:0, instance:com.mh.test.GUITest@29ca901e]" name="cleanUpTest" is-config="true" duration-ms="2618" started-at="2017-08-09T21:40:14Z" finished-at="2017-08-09T21:40:16Z">
          <reporter-output>
          </reporter-output>
        </test-method> <!-- cleanUpTest -->
        <test-method status="PASS" signature="cleanUpTest()[pri:0, instance:com.mh.test.GUITest@29ca901e]" name="cleanUpTest" is-config="true" duration-ms="4965" started-at="2017-08-09T21:40:14Z" finished-at="2017-08-09T21:40:19Z">
          <reporter-output>
          </reporter-output>
        </test-method> <!-- cleanUpTest -->
        <test-method status="PASS" signature="cleanUpTest()[pri:0, instance:com.mh.test.GUITest@29ca901e]" name="cleanUpTest" is-config="true" duration-ms="5141" started-at="2017-08-09T21:40:14Z" finished-at="2017-08-09T21:40:20Z">
          <reporter-output>
          </reporter-output>
        </test-method> <!-- cleanUpTest -->
        <test-method status="PASS" signature="cleanUpTest()[pri:0, instance:com.mh.test.GUITest@29ca901e]" name="cleanUpTest" is-config="true" duration-ms="1782" started-at="2017-08-09T21:40:18Z" finished-at="2017-08-09T21:40:20Z">
          <reporter-output>
          </reporter-output>
        </test-method> <!-- cleanUpTest -->
        <test-method status="PASS" signature="cleanUpTest()[pri:0, instance:com.mh.test.GUITest@29ca901e]" name="cleanUpTest" is-config="true" duration-ms="1467" started-at="2017-08-09T21:40:19Z" finished-at="2017-08-09T21:40:20Z">
          <reporter-output>
          </reporter-output>
        </test-method> <!-- cleanUpTest -->
        <test-method status="PASS" signature="cleanUpTest()[pri:0, instance:com.mh.test.GUITest@29ca901e]" name="cleanUpTest" is-config="true" duration-ms="1292" started-at="2017-08-09T21:40:19Z" finished-at="2017-08-09T21:40:20Z">
          <reporter-output>
          </reporter-output>
        </test-method> <!-- cleanUpTest -->
        <test-method status="PASS" signature="cleanUpTest()[pri:0, instance:com.mh.test.GUITest@29ca901e]" name="cleanUpTest" is-config="true" duration-ms="1024" started-at="2017-08-09T21:40:19Z" finished-at="2017-08-09T21:40:20Z">
          <reporter-output>
          </reporter-output>
        </test-method> <!-- cleanUpTest -->
        <test-method status="PASS" signature="cleanUpTest()[pri:0, instance:com.mh.test.GUITest@29ca901e]" name="cleanUpTest" is-config="true" duration-ms="1018" started-at="2017-08-09T21:40:19Z" finished-at="2017-08-09T21:40:20Z">
          <reporter-output>
          </reporter-output>
        </test-method> <!-- cleanUpTest -->
        <test-method status="PASS" signature="cleanUpTest()[pri:0, instance:com.mh.test.GUITest@29ca901e]" name="cleanUpTest" is-config="true" duration-ms="984" started-at="2017-08-09T21:40:19Z" finished-at="2017-08-09T21:40:20Z">
          <reporter-output>
          </reporter-output>
        </test-method> <!-- cleanUpTest -->
        <test-method status="PASS" signature="cleanUpTest()[pri:0, instance:com.mh.test.GUITest@29ca901e]" name="cleanUpTest" is-config="true" duration-ms="1051" started-at="2017-08-09T21:40:19Z" finished-at="2017-08-09T21:40:20Z">
          <reporter-output>
          </reporter-output>
        </test-method> <!-- cleanUpTest -->
        <test-method status="PASS" signature="cleanUpTest()[pri:0, instance:com.mh.test.GUITest@29ca901e]" name="cleanUpTest" is-config="true" duration-ms="875" started-at="2017-08-09T21:40:20Z" finished-at="2017-08-09T21:40:20Z">
          <reporter-output>
          </reporter-output>
        </test-method> <!-- cleanUpTest -->
        <test-method status="PASS" signature="cleanUpTest()[pri:0, instance:com.mh.test.GUITest@29ca901e]" name="cleanUpTest" is-config="true" duration-ms="782" started-at="2017-08-09T21:40:20Z" finished-at="2017-08-09T21:40:21Z">
          <reporter-output>
          </reporter-output>
        </test-method> <!-- cleanUpTest -->
        <test-method status="PASS" signature="cleanUpSuites()[pri:0, instance:com.mh.test.GUITest@29ca901e]" name="cleanUpSuites" is-config="true" duration-ms="0" started-at="2017-08-09T21:40:21Z" finished-at="2017-08-09T21:40:21Z">
          <reporter-output>
          </reporter-output>
        </test-method> <!-- cleanUpSuites -->
      </class> <!-- com.mh.test.GUITest -->
    </test> <!-- exampletest1 -->
  </suite> <!-- Suite Sample 1 -->
</testng-results>
